<?xml version="1.0" encoding="UTF-8"?>
<testng-results ignored="0" total="3" passed="2" failed="1" skipped="0">
  <reporter-output>
  </reporter-output>
  <suite started-at="2024-04-07T15:24:12Z" name="Default Suite" finished-at="2024-04-07T15:24:12Z" duration-ms="48">
    <groups>
      <group name="fast">
        <method signature="SimpleTest.aFastTest()[pri:0, instance:examplel.SimpleTest@68999068]" name="aFastTest" class="examplel.SimpleTest"/>
      </group> <!-- fast -->
      <group name="slow">
        <method signature="SimpleTest.aSlowTest()[pri:0, instance:examplel.SimpleTest@68999068]" name="aSlowTest" class="examplel.SimpleTest"/>
      </group> <!-- slow -->
    </groups>
    <test started-at="2024-04-07T15:24:12Z" name="Test" finished-at="2024-04-07T15:24:12Z" duration-ms="48">
      <class name="examplel.SimpleTest">
        <test-method is-config="true" signature="setUp()[pri:0, instance:examplel.SimpleTest@68999068]" started-at="2024-04-07T15:24:12Z" name="setUp" finished-at="2024-04-07T15:24:12Z" duration-ms="15" status="PASS">
          <reporter-output>
          </reporter-output>
        </test-method> <!-- setUp -->
        <test-method signature="aFastTest()[pri:0, instance:examplel.SimpleTest@68999068]" started-at="2024-04-07T15:24:12Z" name="aFastTest" finished-at="2024-04-07T15:24:12Z" duration-ms="0" status="PASS">
          <reporter-output>
          </reporter-output>
        </test-method> <!-- aFastTest -->
        <test-method signature="aSlowTest()[pri:0, instance:examplel.SimpleTest@68999068]" started-at="2024-04-07T15:24:12Z" name="aSlowTest" finished-at="2024-04-07T15:24:12Z" duration-ms="0" status="PASS">
          <reporter-output>
          </reporter-output>
        </test-method> <!-- aSlowTest -->
        <test-method signature="test1(java.lang.String)[pri:0, instance:examplel.SimpleTest@68999068]" started-at="2024-04-07T15:24:12Z" name="test1" finished-at="2024-04-07T15:24:12Z" duration-ms="0" status="FAIL">
          <exception class="org.testng.TestNGException">
            <message>
              <![CDATA[
Parameter 'url' is required by @Test on method test1 but has not been marked @Optional or defined
in C:\Users\Lenovo\AppData\Local\JetBrains\IntelliJIdea2020.1\temp-testng-customsuite.xml]]>
            </message>
            <full-stacktrace>
              <![CDATA[org.testng.TestNGException: 
Parameter 'url' is required by @Test on method test1 but has not been marked @Optional or defined
in C:\Users\Lenovo\AppData\Local\JetBrains\IntelliJIdea2020.1\temp-testng-customsuite.xml
at org.testng.internal.Parameters.createParams(Parameters.java:290)
at org.testng.internal.Parameters.createParametersForMethod(Parameters.java:359)
at org.testng.internal.Parameters.createParameters(Parameters.java:620)
at org.testng.internal.Parameters.handleParameters(Parameters.java:769)
at org.testng.internal.ParameterHandler.handleParameters(ParameterHandler.java:49)
at org.testng.internal.ParameterHandler.createParameters(ParameterHandler.java:37)
at org.testng.internal.Invoker.invokeTestMethods(Invoker.java:923)
at org.testng.internal.TestMethodWorker.invokeTestMethods(TestMethodWorker.java:125)
at org.testng.internal.TestMethodWorker.run(TestMethodWorker.java:109)
at org.testng.TestRunner.privateRun(TestRunner.java:648)
at org.testng.TestRunner.run(TestRunner.java:505)
at org.testng.SuiteRunner.runTest(SuiteRunner.java:455)
at org.testng.SuiteRunner.runSequentially(SuiteRunner.java:450)
at org.testng.SuiteRunner.privateRun(SuiteRunner.java:415)
at org.testng.SuiteRunner.run(SuiteRunner.java:364)
at org.testng.SuiteRunnerWorker.runSuite(SuiteRunnerWorker.java:52)
at org.testng.SuiteRunnerWorker.run(SuiteRunnerWorker.java:84)
at org.testng.TestNG.runSuitesSequentially(TestNG.java:1208)
at org.testng.TestNG.runSuitesLocally(TestNG.java:1137)
at org.testng.TestNG.runSuites(TestNG.java:1049)
at org.testng.TestNG.run(TestNG.java:1017)
at com.intellij.rt.testng.IDEARemoteTestNG.run(IDEARemoteTestNG.java:66)
at com.intellij.rt.testng.RemoteTestNGStarter.main(RemoteTestNGStarter.java:110)
]]>
            </full-stacktrace>
          </exception> <!-- org.testng.TestNGException -->
          <reporter-output>
          </reporter-output>
        </test-method> <!-- test1 -->
      </class> <!-- examplel.SimpleTest -->
    </test> <!-- Test -->
  </suite> <!-- Default Suite -->
</testng-results>
